To honour the JVM settings for this build a single-use Daemon process will be forked. For more on this, please refer to https://docs.gradle.org/8.8/userguide/gradle_daemon.html#sec:disabling_the_daemon in the Gradle documentation.
Daemon will be stopped at the end of the build 

> Configure project :
Build was configured to prefer settings repositories over project repositories but repository 'LoomLocalRemappedMods' was added by plugin class 'net.fabricmc.loom.LoomRepositoryPlugin'
Build was configured to prefer settings repositories over project repositories but repository 'LoomGlobalMinecraft' was added by plugin class 'net.fabricmc.loom.LoomRepositoryPlugin'
Build was configured to prefer settings repositories over project repositories but repository 'LoomLocalMinecraft' was added by plugin class 'net.fabricmc.loom.LoomRepositoryPlugin'
Build was configured to prefer settings repositories over project repositories but repository 'Fabric' was added by plugin class 'net.fabricmc.loom.LoomRepositoryPlugin'
Build was configured to prefer settings repositories over project repositories but repository 'Mojang' was added by plugin class 'net.fabricmc.loom.LoomRepositoryPlugin'
Build was configured to prefer settings repositories over project repositories but repository 'MavenRepo' was added by plugin class 'net.fabricmc.loom.LoomRepositoryPlugin'
Fabric Loom: 1.4.6
Build was configured to prefer settings repositories over project repositories but repository 'Fabric2' was added by build file 'build.gradle'
Build was configured to prefer settings repositories over project repositories but repository 'Sponge' was added by build file 'build.gradle'
Build was configured to prefer settings repositories over project repositories but repository 'MavenRepo2' was added by build file 'build.gradle'
Found existing cache lock file, rebuilding loom cache. This may have been caused by a failed or canceled build.
~~~~~~~~~~~~~~~~~~~~~~~~~~~~~~~~~~~~~~~~~~~~~~~~~~~~~~~~~~~~~~
Using of the official minecraft mappings is at your own risk!
Please make sure to read and understand the following license:
~~~~~~~~~~~~~~~~~~~~~~~~~~~~~~~~~~~~~~~~~~~~~~~~~~~~~~~~~~~~~~
# (c) 2020 Microsoft Corporation. These mappings are provided "as-is" and you bear the risk of using them. You may copy and use the mappings for development purposes, but you may not redistribute the mappings complete and unmodified. Microsoft makes no warranties, express or implied, with respect to the mappings provided here.  Use and modification of this document or the source code (in any form) of Minecraft: Java Edition is governed by the Minecraft End User License Agreement available at https://account.mojang.com/documents/minecraft_eula.
~~~~~~~~~~~~~~~~~~~~~~~~~~~~~~~~~~~~~~~~~~~~~~~~~~~~~~~~~~~~~~

FAILURE: Build failed with an exception.

* What went wrong:
A problem occurred configuring root project 'Naven-Alpha'.
> This version of loom does not support the mixin remap type value. Please update to the latest version of loom.

* Try:
> Run with --stacktrace option to get the stack trace.
> Run with --info or --debug option to get more log output.
> Run with --scan to get full insights.
> Get more help at https://help.gradle.org.

Deprecated Gradle features were used in this build, making it incompatible with Gradle 9.0.

You can use '--warning-mode all' to show the individual deprecation warnings and determine if they come from your own scripts or plugins.

For more on this, please refer to https://docs.gradle.org/8.8/userguide/command_line_interface.html#sec:command_line_warnings in the Gradle documentation.

BUILD FAILED in 48s
